<?xml version="1.0" encoding="UTF-8"?>
<testsuite name="com.hubtwork.batch.BatchApplicationTest" tests="1" skipped="0" failures="0" errors="0" timestamp="2021-02-17T02:23:08" hostname="Jaes-MacBook-Pro.local" time="0.575">
  <properties/>
  <testcase name="DataInsert()" classname="com.hubtwork.batch.BatchApplicationTest" time="0.575"/>
  <system-out><![CDATA[11:23:03.341 [Test worker] DEBUG org.springframework.test.context.BootstrapUtils - Instantiating CacheAwareContextLoaderDelegate from class [org.springframework.test.context.cache.DefaultCacheAwareContextLoaderDelegate]
11:23:03.352 [Test worker] DEBUG org.springframework.test.context.BootstrapUtils - Instantiating BootstrapContext using constructor [public org.springframework.test.context.support.DefaultBootstrapContext(java.lang.Class,org.springframework.test.context.CacheAwareContextLoaderDelegate)]
11:23:03.384 [Test worker] DEBUG org.springframework.test.context.BootstrapUtils - Instantiating TestContextBootstrapper for test class [com.hubtwork.batch.BatchApplicationTest] from class [org.springframework.boot.test.context.SpringBootTestContextBootstrapper]
11:23:03.398 [Test worker] INFO org.springframework.boot.test.context.SpringBootTestContextBootstrapper - Neither @ContextConfiguration nor @ContextHierarchy found for test class [com.hubtwork.batch.BatchApplicationTest], using SpringBootContextLoader
11:23:03.401 [Test worker] DEBUG org.springframework.test.context.support.AbstractContextLoader - Did not detect default resource location for test class [com.hubtwork.batch.BatchApplicationTest]: class path resource [com/hubtwork/batch/BatchApplicationTest-context.xml] does not exist
11:23:03.401 [Test worker] DEBUG org.springframework.test.context.support.AbstractContextLoader - Did not detect default resource location for test class [com.hubtwork.batch.BatchApplicationTest]: class path resource [com/hubtwork/batch/BatchApplicationTestContext.groovy] does not exist
11:23:03.402 [Test worker] INFO org.springframework.test.context.support.AbstractContextLoader - Could not detect default resource locations for test class [com.hubtwork.batch.BatchApplicationTest]: no resource found for suffixes {-context.xml, Context.groovy}.
11:23:03.575 [Test worker] DEBUG org.springframework.boot.test.context.SpringBootTestContextBootstrapper - @TestExecutionListeners is not present for class [com.hubtwork.batch.BatchApplicationTest]: using defaults.
11:23:03.576 [Test worker] INFO org.springframework.boot.test.context.SpringBootTestContextBootstrapper - Loaded default TestExecutionListener class names from location [META-INF/spring.factories]: [org.springframework.test.context.web.ServletTestExecutionListener, org.springframework.test.context.support.DirtiesContextBeforeModesTestExecutionListener, org.springframework.test.context.event.ApplicationEventsTestExecutionListener, org.springframework.test.context.support.DependencyInjectionTestExecutionListener, org.springframework.test.context.support.DirtiesContextTestExecutionListener, org.springframework.test.context.transaction.TransactionalTestExecutionListener, org.springframework.test.context.jdbc.SqlScriptsTestExecutionListener, org.springframework.test.context.event.EventPublishingTestExecutionListener, org.springframework.boot.test.autoconfigure.restdocs.RestDocsTestExecutionListener, org.springframework.boot.test.autoconfigure.web.client.MockRestServiceServerResetTestExecutionListener, org.springframework.boot.test.autoconfigure.web.servlet.MockMvcPrintOnlyOnFailureTestExecutionListener, org.springframework.boot.test.autoconfigure.web.servlet.WebDriverTestExecutionListener, org.springframework.boot.test.autoconfigure.webservices.client.MockWebServiceServerTestExecutionListener, org.springframework.boot.test.mock.mockito.MockitoTestExecutionListener, org.springframework.boot.test.mock.mockito.ResetMocksTestExecutionListener]
11:23:03.586 [Test worker] DEBUG org.springframework.boot.test.context.SpringBootTestContextBootstrapper - Skipping candidate TestExecutionListener [org.springframework.test.context.web.ServletTestExecutionListener] due to a missing dependency. Specify custom listener classes or make the default listener classes and their required dependencies available. Offending class: [javax/servlet/ServletContext]
11:23:03.595 [Test worker] INFO org.springframework.boot.test.context.SpringBootTestContextBootstrapper - Using TestExecutionListeners: [org.springframework.test.context.support.DirtiesContextBeforeModesTestExecutionListener@5d9af4d8, org.springframework.test.context.event.ApplicationEventsTestExecutionListener@27eb98c9, org.springframework.boot.test.mock.mockito.MockitoTestExecutionListener@74d606e1, org.springframework.boot.test.autoconfigure.SpringBootDependencyInjectionTestExecutionListener@6cf01092, org.springframework.test.context.support.DirtiesContextTestExecutionListener@664615e0, org.springframework.test.context.transaction.TransactionalTestExecutionListener@1d90f431, org.springframework.test.context.jdbc.SqlScriptsTestExecutionListener@59b5186c, org.springframework.test.context.event.EventPublishingTestExecutionListener@352df748, org.springframework.boot.test.autoconfigure.restdocs.RestDocsTestExecutionListener@63120d18, org.springframework.boot.test.autoconfigure.web.client.MockRestServiceServerResetTestExecutionListener@79b95c37, org.springframework.boot.test.autoconfigure.web.servlet.MockMvcPrintOnlyOnFailureTestExecutionListener@8be5d14, org.springframework.boot.test.autoconfigure.web.servlet.WebDriverTestExecutionListener@52737cfc, org.springframework.boot.test.autoconfigure.webservices.client.MockWebServiceServerTestExecutionListener@217ac167, org.springframework.boot.test.mock.mockito.ResetMocksTestExecutionListener@1291799b]
11:23:03.598 [Test worker] DEBUG org.springframework.test.context.support.AbstractDirtiesContextTestExecutionListener - Before test class: context [DefaultTestContext@2cccb730 testClass = BatchApplicationTest, testInstance = [null], testMethod = [null], testException = [null], mergedContextConfiguration = [ReactiveWebMergedContextConfiguration@7fc7cb05 testClass = BatchApplicationTest, locations = '{}', classes = '{class com.hubtwork.BatchApplication}', contextInitializerClasses = '[]', activeProfiles = '{prod}', propertySourceLocations = '{}', propertySourceProperties = '{org.springframework.boot.test.context.SpringBootTestContextBootstrapper=true}', contextCustomizers = set[org.springframework.boot.test.autoconfigure.actuate.metrics.MetricsExportContextCustomizerFactory$DisableMetricExportContextCustomizer@3b97e525, org.springframework.boot.test.autoconfigure.properties.PropertyMappingContextCustomizer@0, org.springframework.boot.test.autoconfigure.web.servlet.WebDriverContextCustomizerFactory$Customizer@607d6017, org.springframework.boot.test.context.filter.ExcludeFilterContextCustomizer@2af1a4a7, org.springframework.boot.test.json.DuplicateJsonObjectContextCustomizerFactory$DuplicateJsonObjectContextCustomizer@35eb5f15, org.springframework.boot.test.mock.mockito.MockitoContextCustomizer@0, org.springframework.boot.test.web.client.TestRestTemplateContextCustomizer@3198ba62, org.springframework.boot.test.web.reactive.server.WebTestClientContextCustomizer@61061be3, org.springframework.boot.test.context.SpringBootTestArgs@1, org.springframework.boot.test.context.SpringBootTestWebEnvironment@1edb118d], contextLoader = 'org.springframework.boot.test.context.SpringBootContextLoader', parent = [null]], attributes = map[[empty]]], class annotated with @DirtiesContext [false] with mode [null].
11:23:03.611 [Test worker] DEBUG org.springframework.test.context.support.DependencyInjectionTestExecutionListener - Performing dependency injection for test context [[DefaultTestContext@2cccb730 testClass = BatchApplicationTest, testInstance = com.hubtwork.batch.BatchApplicationTest@676673f, testMethod = [null], testException = [null], mergedContextConfiguration = [ReactiveWebMergedContextConfiguration@7fc7cb05 testClass = BatchApplicationTest, locations = '{}', classes = '{class com.hubtwork.BatchApplication}', contextInitializerClasses = '[]', activeProfiles = '{prod}', propertySourceLocations = '{}', propertySourceProperties = '{org.springframework.boot.test.context.SpringBootTestContextBootstrapper=true}', contextCustomizers = set[org.springframework.boot.test.autoconfigure.actuate.metrics.MetricsExportContextCustomizerFactory$DisableMetricExportContextCustomizer@3b97e525, org.springframework.boot.test.autoconfigure.properties.PropertyMappingContextCustomizer@0, org.springframework.boot.test.autoconfigure.web.servlet.WebDriverContextCustomizerFactory$Customizer@607d6017, org.springframework.boot.test.context.filter.ExcludeFilterContextCustomizer@2af1a4a7, org.springframework.boot.test.json.DuplicateJsonObjectContextCustomizerFactory$DuplicateJsonObjectContextCustomizer@35eb5f15, org.springframework.boot.test.mock.mockito.MockitoContextCustomizer@0, org.springframework.boot.test.web.client.TestRestTemplateContextCustomizer@3198ba62, org.springframework.boot.test.web.reactive.server.WebTestClientContextCustomizer@61061be3, org.springframework.boot.test.context.SpringBootTestArgs@1, org.springframework.boot.test.context.SpringBootTestWebEnvironment@1edb118d], contextLoader = 'org.springframework.boot.test.context.SpringBootContextLoader', parent = [null]], attributes = map['org.springframework.test.context.event.ApplicationEventsTestExecutionListener.recordApplicationEvents' -> false]]].
11:23:03.637 [Test worker] DEBUG org.springframework.core.env.StandardEnvironment - Activating profiles [prod]
11:23:03.641 [Test worker] DEBUG org.springframework.test.context.support.TestPropertySourceUtils - Adding inlined properties to environment: {spring.jmx.enabled=false, org.springframework.boot.test.context.SpringBootTestContextBootstrapper=true}

  .   ____          _            __ _ _
 /\\ / ___'_ __ _ _(_)_ __  __ _ \ \ \ \
( ( )\___ | '_ | '_| | '_ \/ _` | \ \ \ \
 \\/  ___)| |_)| | | | | || (_| |  ) ) ) )
  '  |____| .__|_| |_|_| |_\__, | / / / /
 =========|_|==============|___/=/_/_/_/
 :: Spring Boot ::                (v2.4.2)

2021-02-17 11:23:03.987  INFO 20169 --- [    Test worker] com.hubtwork.batch.BatchApplicationTest  : Starting BatchApplicationTest using Java 15.0.2 on Jaes-MacBook-Pro.local with PID 20169 (started by jaeheo in /Users/jaeheo/Desktop/Spring-Workspace/katarina/katarina-batch)
2021-02-17 11:23:03.988  INFO 20169 --- [    Test worker] com.hubtwork.batch.BatchApplicationTest  : The following profiles are active: prod,core
2021-02-17 11:23:04.546  INFO 20169 --- [    Test worker] .s.d.r.c.RepositoryConfigurationDelegate : Bootstrapping Spring Data JPA repositories in DEFAULT mode.
2021-02-17 11:23:04.690  INFO 20169 --- [    Test worker] .s.d.r.c.RepositoryConfigurationDelegate : Finished Spring Data repository scanning in 136 ms. Found 4 JPA repository interfaces.
2021-02-17 11:23:05.293  INFO 20169 --- [    Test worker] o.hibernate.jpa.internal.util.LogHelper  : HHH000204: Processing PersistenceUnitInfo [name: katarina]
2021-02-17 11:23:05.352  INFO 20169 --- [    Test worker] org.hibernate.Version                    : HHH000412: Hibernate ORM core version 5.4.27.Final
2021-02-17 11:23:05.499  INFO 20169 --- [    Test worker] o.hibernate.annotations.common.Version   : HCANN000001: Hibernate Commons Annotations {5.1.2.Final}
2021-02-17 11:23:05.618  INFO 20169 --- [    Test worker] com.zaxxer.hikari.HikariDataSource       : HikariPool-1 - Starting...
2021-02-17 11:23:05.701  INFO 20169 --- [    Test worker] com.zaxxer.hikari.HikariDataSource       : HikariPool-1 - Start completed.
2021-02-17 11:23:05.721  INFO 20169 --- [    Test worker] org.hibernate.dialect.Dialect            : HHH000400: Using dialect: org.hibernate.dialect.MySQL5InnoDBDialect
2021-02-17 11:23:05.897  WARN 20169 --- [    Test worker] org.hibernate.mapping.RootClass          : HHH000038: Composite-id class does not override equals(): com.hubtwork.jpa.domain.ComposableKey
2021-02-17 11:23:05.897  WARN 20169 --- [    Test worker] org.hibernate.mapping.RootClass          : HHH000039: Composite-id class does not override hashCode(): com.hubtwork.jpa.domain.ComposableKey
2021-02-17 11:23:06.139  INFO 20169 --- [    Test worker] o.h.e.t.j.p.i.JtaPlatformInitiator       : HHH000490: Using JtaPlatform implementation: [org.hibernate.engine.transaction.jta.platform.internal.NoJtaPlatform]
2021-02-17 11:23:06.146  INFO 20169 --- [    Test worker] j.LocalContainerEntityManagerFactoryBean : Initialized JPA EntityManagerFactory for persistence unit 'katarina'
2021-02-17 11:23:07.606  INFO 20169 --- [    Test worker] com.zaxxer.hikari.HikariDataSource       : HikariPool-2 - Starting...
2021-02-17 11:23:07.643  INFO 20169 --- [    Test worker] com.zaxxer.hikari.HikariDataSource       : HikariPool-2 - Start completed.
2021-02-17 11:23:07.680  WARN 20169 --- [    Test worker] o.s.b.a.batch.JpaBatchConfigurer         : JPA does not support custom isolation levels, so locks may not be taken when launching Jobs
2021-02-17 11:23:07.692  INFO 20169 --- [    Test worker] o.s.b.c.r.s.JobRepositoryFactoryBean     : No database type set, using meta data indicating: MYSQL
2021-02-17 11:23:07.724  INFO 20169 --- [    Test worker] o.s.b.c.l.support.SimpleJobLauncher      : No TaskExecutor has been set, defaulting to synchronous executor.
2021-02-17 11:23:07.834  INFO 20169 --- [    Test worker] com.hubtwork.batch.BatchApplicationTest  : Started BatchApplicationTest in 4.183 seconds (JVM running for 5.311)
2021-02-17 11:23:07.836  INFO 20169 --- [    Test worker] o.s.b.a.b.JobLauncherApplicationRunner   : Running default command line with: []
2021-02-17 11:23:08.060  INFO 20169 --- [    Test worker] o.s.b.c.l.support.SimpleJobLauncher      : Job: [SimpleJob: [name=loadMatchesJobOnApiJob]] launched with the following parameters: [{}]
2021-02-17 11:23:08.149  INFO 20169 --- [    Test worker] o.s.batch.core.job.SimpleStepHandler     : Step already complete or not restartable, so no action to execute: StepExecution: id=2, version=3, name=Step_MatchesFromAPI, status=COMPLETED, exitStatus=COMPLETED, readCount=0, filterCount=0, writeCount=0 readSkipCount=0, writeSkipCount=0, processSkipCount=0, commitCount=1, rollbackCount=0, exitDescription=
2021-02-17 11:23:08.176  INFO 20169 --- [    Test worker] o.s.batch.core.job.SimpleStepHandler     : Step already complete or not restartable, so no action to execute: StepExecution: id=3, version=3, name=Step_CheckSummonersAlreadyScanned, status=COMPLETED, exitStatus=COMPLETED, readCount=0, filterCount=0, writeCount=0 readSkipCount=0, writeSkipCount=0, processSkipCount=0, commitCount=1, rollbackCount=0, exitDescription=
2021-02-17 11:23:08.204  INFO 20169 --- [    Test worker] o.s.batch.core.job.SimpleStepHandler     : Step already complete or not restartable, so no action to execute: StepExecution: id=4, version=3, name=Step_GetMatchDetailFromAPI, status=COMPLETED, exitStatus=COMPLETED, readCount=0, filterCount=0, writeCount=0 readSkipCount=0, writeSkipCount=0, processSkipCount=0, commitCount=1, rollbackCount=0, exitDescription=
2021-02-17 11:23:08.226  INFO 20169 --- [    Test worker] o.s.batch.core.job.SimpleStepHandler     : Step already complete or not restartable, so no action to execute: StepExecution: id=5, version=3, name=Step_ExtractMatchData, status=COMPLETED, exitStatus=COMPLETED, readCount=0, filterCount=0, writeCount=0 readSkipCount=0, writeSkipCount=0, processSkipCount=0, commitCount=1, rollbackCount=0, exitDescription=
2021-02-17 11:23:08.250  INFO 20169 --- [    Test worker] o.s.batch.core.job.SimpleStepHandler     : Step already complete or not restartable, so no action to execute: StepExecution: id=6, version=3, name=Step_ExtractUserWithMatches, status=COMPLETED, exitStatus=COMPLETED, readCount=0, filterCount=0, writeCount=0 readSkipCount=0, writeSkipCount=0, processSkipCount=0, commitCount=1, rollbackCount=0, exitDescription=
2021-02-17 11:23:08.273  INFO 20169 --- [    Test worker] o.s.batch.core.job.SimpleStepHandler     : Step already complete or not restartable, so no action to execute: StepExecution: id=7, version=3, name=Step_ExtractSummonerFromMatch, status=COMPLETED, exitStatus=COMPLETED, readCount=0, filterCount=0, writeCount=0 readSkipCount=0, writeSkipCount=0, processSkipCount=0, commitCount=1, rollbackCount=0, exitDescription=
2021-02-17 11:23:08.297  INFO 20169 --- [    Test worker] o.s.batch.core.job.SimpleStepHandler     : Step already complete or not restartable, so no action to execute: StepExecution: id=8, version=3, name=Step_CheckMatchesAlreadyScanned, status=COMPLETED, exitStatus=COMPLETED, readCount=0, filterCount=0, writeCount=0 readSkipCount=0, writeSkipCount=0, processSkipCount=0, commitCount=1, rollbackCount=0, exitDescription=
2021-02-17 11:23:08.327  INFO 20169 --- [    Test worker] o.s.b.c.l.support.SimpleJobLauncher      : Job: [SimpleJob: [name=loadMatchesJobOnApiJob]] completed with the following parameters: [{}] and the following status: [COMPLETED] in 210ms
Hibernate: 
    select
        summoner0_.accountId as accounti1_3_0_,
        summoner0_.last_scanned as last_sca2_3_0_,
        summoner0_.platformId as platform3_3_0_,
        summoner0_.summonerId as summoner4_3_0_ 
    from
        summoner summoner0_ 
    where
        summoner0_.accountId=?
Hibernate: 
    select
        summoner0_.accountId as accounti1_3_0_,
        summoner0_.last_scanned as last_sca2_3_0_,
        summoner0_.platformId as platform3_3_0_,
        summoner0_.summonerId as summoner4_3_0_ 
    from
        summoner summoner0_ 
    where
        summoner0_.accountId=?
Hibernate: 
    select
        summoner0_.accountId as accounti1_3_0_,
        summoner0_.last_scanned as last_sca2_3_0_,
        summoner0_.platformId as platform3_3_0_,
        summoner0_.summonerId as summoner4_3_0_ 
    from
        summoner summoner0_ 
    where
        summoner0_.accountId=?
]]></system-out>
  <system-err><![CDATA[]]></system-err>
</testsuite>
