<?xml version="1.0" encoding="UTF-8"?>
<testsuite name="com.hubtwork.batch.BatchApplicationTest" tests="1" skipped="0" failures="0" errors="0" timestamp="2021-02-18T16:47:36" hostname="Jaes-MacBook-Pro.local" time="0.442">
  <properties/>
  <testcase name="DataInsert()" classname="com.hubtwork.batch.BatchApplicationTest" time="0.442"/>
  <system-out><![CDATA[01:47:30.043 [Test worker] DEBUG org.springframework.test.context.BootstrapUtils - Instantiating CacheAwareContextLoaderDelegate from class [org.springframework.test.context.cache.DefaultCacheAwareContextLoaderDelegate]
01:47:30.051 [Test worker] DEBUG org.springframework.test.context.BootstrapUtils - Instantiating BootstrapContext using constructor [public org.springframework.test.context.support.DefaultBootstrapContext(java.lang.Class,org.springframework.test.context.CacheAwareContextLoaderDelegate)]
01:47:30.078 [Test worker] DEBUG org.springframework.test.context.BootstrapUtils - Instantiating TestContextBootstrapper for test class [com.hubtwork.batch.BatchApplicationTest] from class [org.springframework.boot.test.context.SpringBootTestContextBootstrapper]
01:47:30.091 [Test worker] INFO org.springframework.boot.test.context.SpringBootTestContextBootstrapper - Neither @ContextConfiguration nor @ContextHierarchy found for test class [com.hubtwork.batch.BatchApplicationTest], using SpringBootContextLoader
01:47:30.094 [Test worker] DEBUG org.springframework.test.context.support.AbstractContextLoader - Did not detect default resource location for test class [com.hubtwork.batch.BatchApplicationTest]: class path resource [com/hubtwork/batch/BatchApplicationTest-context.xml] does not exist
01:47:30.095 [Test worker] DEBUG org.springframework.test.context.support.AbstractContextLoader - Did not detect default resource location for test class [com.hubtwork.batch.BatchApplicationTest]: class path resource [com/hubtwork/batch/BatchApplicationTestContext.groovy] does not exist
01:47:30.095 [Test worker] INFO org.springframework.test.context.support.AbstractContextLoader - Could not detect default resource locations for test class [com.hubtwork.batch.BatchApplicationTest]: no resource found for suffixes {-context.xml, Context.groovy}.
01:47:30.227 [Test worker] DEBUG org.springframework.boot.test.context.SpringBootTestContextBootstrapper - @TestExecutionListeners is not present for class [com.hubtwork.batch.BatchApplicationTest]: using defaults.
01:47:30.227 [Test worker] INFO org.springframework.boot.test.context.SpringBootTestContextBootstrapper - Loaded default TestExecutionListener class names from location [META-INF/spring.factories]: [org.springframework.test.context.web.ServletTestExecutionListener, org.springframework.test.context.support.DirtiesContextBeforeModesTestExecutionListener, org.springframework.test.context.event.ApplicationEventsTestExecutionListener, org.springframework.test.context.support.DependencyInjectionTestExecutionListener, org.springframework.test.context.support.DirtiesContextTestExecutionListener, org.springframework.test.context.transaction.TransactionalTestExecutionListener, org.springframework.test.context.jdbc.SqlScriptsTestExecutionListener, org.springframework.test.context.event.EventPublishingTestExecutionListener, org.springframework.boot.test.autoconfigure.restdocs.RestDocsTestExecutionListener, org.springframework.boot.test.autoconfigure.web.client.MockRestServiceServerResetTestExecutionListener, org.springframework.boot.test.autoconfigure.web.servlet.MockMvcPrintOnlyOnFailureTestExecutionListener, org.springframework.boot.test.autoconfigure.web.servlet.WebDriverTestExecutionListener, org.springframework.boot.test.autoconfigure.webservices.client.MockWebServiceServerTestExecutionListener, org.springframework.boot.test.mock.mockito.MockitoTestExecutionListener, org.springframework.boot.test.mock.mockito.ResetMocksTestExecutionListener]
01:47:30.234 [Test worker] DEBUG org.springframework.boot.test.context.SpringBootTestContextBootstrapper - Skipping candidate TestExecutionListener [org.springframework.test.context.web.ServletTestExecutionListener] due to a missing dependency. Specify custom listener classes or make the default listener classes and their required dependencies available. Offending class: [javax/servlet/ServletContext]
01:47:30.246 [Test worker] INFO org.springframework.boot.test.context.SpringBootTestContextBootstrapper - Using TestExecutionListeners: [org.springframework.test.context.support.DirtiesContextBeforeModesTestExecutionListener@5d9af4d8, org.springframework.test.context.event.ApplicationEventsTestExecutionListener@27eb98c9, org.springframework.boot.test.mock.mockito.MockitoTestExecutionListener@74d606e1, org.springframework.boot.test.autoconfigure.SpringBootDependencyInjectionTestExecutionListener@6cf01092, org.springframework.test.context.support.DirtiesContextTestExecutionListener@664615e0, org.springframework.test.context.transaction.TransactionalTestExecutionListener@1d90f431, org.springframework.test.context.jdbc.SqlScriptsTestExecutionListener@59b5186c, org.springframework.test.context.event.EventPublishingTestExecutionListener@352df748, org.springframework.boot.test.autoconfigure.restdocs.RestDocsTestExecutionListener@63120d18, org.springframework.boot.test.autoconfigure.web.client.MockRestServiceServerResetTestExecutionListener@79b95c37, org.springframework.boot.test.autoconfigure.web.servlet.MockMvcPrintOnlyOnFailureTestExecutionListener@8be5d14, org.springframework.boot.test.autoconfigure.web.servlet.WebDriverTestExecutionListener@52737cfc, org.springframework.boot.test.autoconfigure.webservices.client.MockWebServiceServerTestExecutionListener@217ac167, org.springframework.boot.test.mock.mockito.ResetMocksTestExecutionListener@1291799b]
01:47:30.249 [Test worker] DEBUG org.springframework.test.context.support.AbstractDirtiesContextTestExecutionListener - Before test class: context [DefaultTestContext@2cccb730 testClass = BatchApplicationTest, testInstance = [null], testMethod = [null], testException = [null], mergedContextConfiguration = [ReactiveWebMergedContextConfiguration@7fc7cb05 testClass = BatchApplicationTest, locations = '{}', classes = '{class com.hubtwork.BatchApplication}', contextInitializerClasses = '[]', activeProfiles = '{prod}', propertySourceLocations = '{}', propertySourceProperties = '{org.springframework.boot.test.context.SpringBootTestContextBootstrapper=true}', contextCustomizers = set[org.springframework.boot.test.autoconfigure.actuate.metrics.MetricsExportContextCustomizerFactory$DisableMetricExportContextCustomizer@3b97e525, org.springframework.boot.test.autoconfigure.properties.PropertyMappingContextCustomizer@0, org.springframework.boot.test.autoconfigure.web.servlet.WebDriverContextCustomizerFactory$Customizer@607d6017, org.springframework.boot.test.context.filter.ExcludeFilterContextCustomizer@2af1a4a7, org.springframework.boot.test.json.DuplicateJsonObjectContextCustomizerFactory$DuplicateJsonObjectContextCustomizer@35eb5f15, org.springframework.boot.test.mock.mockito.MockitoContextCustomizer@0, org.springframework.boot.test.web.client.TestRestTemplateContextCustomizer@3198ba62, org.springframework.boot.test.web.reactive.server.WebTestClientContextCustomizer@61061be3, org.springframework.boot.test.context.SpringBootTestArgs@1, org.springframework.boot.test.context.SpringBootTestWebEnvironment@1edb118d], contextLoader = 'org.springframework.boot.test.context.SpringBootContextLoader', parent = [null]], attributes = map[[empty]]], class annotated with @DirtiesContext [false] with mode [null].
01:47:30.260 [Test worker] DEBUG org.springframework.test.context.support.DependencyInjectionTestExecutionListener - Performing dependency injection for test context [[DefaultTestContext@2cccb730 testClass = BatchApplicationTest, testInstance = com.hubtwork.batch.BatchApplicationTest@676673f, testMethod = [null], testException = [null], mergedContextConfiguration = [ReactiveWebMergedContextConfiguration@7fc7cb05 testClass = BatchApplicationTest, locations = '{}', classes = '{class com.hubtwork.BatchApplication}', contextInitializerClasses = '[]', activeProfiles = '{prod}', propertySourceLocations = '{}', propertySourceProperties = '{org.springframework.boot.test.context.SpringBootTestContextBootstrapper=true}', contextCustomizers = set[org.springframework.boot.test.autoconfigure.actuate.metrics.MetricsExportContextCustomizerFactory$DisableMetricExportContextCustomizer@3b97e525, org.springframework.boot.test.autoconfigure.properties.PropertyMappingContextCustomizer@0, org.springframework.boot.test.autoconfigure.web.servlet.WebDriverContextCustomizerFactory$Customizer@607d6017, org.springframework.boot.test.context.filter.ExcludeFilterContextCustomizer@2af1a4a7, org.springframework.boot.test.json.DuplicateJsonObjectContextCustomizerFactory$DuplicateJsonObjectContextCustomizer@35eb5f15, org.springframework.boot.test.mock.mockito.MockitoContextCustomizer@0, org.springframework.boot.test.web.client.TestRestTemplateContextCustomizer@3198ba62, org.springframework.boot.test.web.reactive.server.WebTestClientContextCustomizer@61061be3, org.springframework.boot.test.context.SpringBootTestArgs@1, org.springframework.boot.test.context.SpringBootTestWebEnvironment@1edb118d], contextLoader = 'org.springframework.boot.test.context.SpringBootContextLoader', parent = [null]], attributes = map['org.springframework.test.context.event.ApplicationEventsTestExecutionListener.recordApplicationEvents' -> false]]].
01:47:30.277 [Test worker] DEBUG org.springframework.core.env.StandardEnvironment - Activating profiles [prod]
01:47:30.280 [Test worker] DEBUG org.springframework.test.context.support.TestPropertySourceUtils - Adding inlined properties to environment: {spring.jmx.enabled=false, org.springframework.boot.test.context.SpringBootTestContextBootstrapper=true}

  .   ____          _            __ _ _
 /\\ / ___'_ __ _ _(_)_ __  __ _ \ \ \ \
( ( )\___ | '_ | '_| | '_ \/ _` | \ \ \ \
 \\/  ___)| |_)| | | | | || (_| |  ) ) ) )
  '  |____| .__|_| |_|_| |_\__, | / / / /
 =========|_|==============|___/=/_/_/_/
 :: Spring Boot ::                (v2.4.2)

2021-02-19 01:47:30.567  INFO 42207 --- [    Test worker] com.hubtwork.batch.BatchApplicationTest  : Starting BatchApplicationTest using Java 15.0.2 on Jaes-MacBook-Pro.local with PID 42207 (started by jaeheo in /Users/jaeheo/Desktop/Spring-Workspace/katarina/katarina-batch)
2021-02-19 01:47:30.568  INFO 42207 --- [    Test worker] com.hubtwork.batch.BatchApplicationTest  : The following profiles are active: prod,core
2021-02-19 01:47:31.076  INFO 42207 --- [    Test worker] .s.d.r.c.RepositoryConfigurationDelegate : Bootstrapping Spring Data JPA repositories in DEFAULT mode.
2021-02-19 01:47:31.198  INFO 42207 --- [    Test worker] .s.d.r.c.RepositoryConfigurationDelegate : Finished Spring Data repository scanning in 116 ms. Found 4 JPA repository interfaces.
2021-02-19 01:47:31.903  INFO 42207 --- [    Test worker] o.hibernate.jpa.internal.util.LogHelper  : HHH000204: Processing PersistenceUnitInfo [name: katarina]
2021-02-19 01:47:31.974  INFO 42207 --- [    Test worker] org.hibernate.Version                    : HHH000412: Hibernate ORM core version 5.4.27.Final
2021-02-19 01:47:32.139  INFO 42207 --- [    Test worker] o.hibernate.annotations.common.Version   : HCANN000001: Hibernate Commons Annotations {5.1.2.Final}
2021-02-19 01:47:32.280  INFO 42207 --- [    Test worker] com.zaxxer.hikari.HikariDataSource       : HikariPool-1 - Starting...
2021-02-19 01:47:32.373  INFO 42207 --- [    Test worker] com.zaxxer.hikari.HikariDataSource       : HikariPool-1 - Start completed.
2021-02-19 01:47:32.394  INFO 42207 --- [    Test worker] org.hibernate.dialect.Dialect            : HHH000400: Using dialect: org.hibernate.dialect.MySQL5InnoDBDialect
2021-02-19 01:47:32.599  WARN 42207 --- [    Test worker] org.hibernate.mapping.RootClass          : HHH000038: Composite-id class does not override equals(): com.hubtwork.jpa.domain.ComposableKey
2021-02-19 01:47:32.599  WARN 42207 --- [    Test worker] org.hibernate.mapping.RootClass          : HHH000039: Composite-id class does not override hashCode(): com.hubtwork.jpa.domain.ComposableKey
2021-02-19 01:47:32.837  INFO 42207 --- [    Test worker] o.h.e.t.j.p.i.JtaPlatformInitiator       : HHH000490: Using JtaPlatform implementation: [org.hibernate.engine.transaction.jta.platform.internal.NoJtaPlatform]
2021-02-19 01:47:32.844  INFO 42207 --- [    Test worker] j.LocalContainerEntityManagerFactoryBean : Initialized JPA EntityManagerFactory for persistence unit 'katarina'
2021-02-19 01:47:34.221  INFO 42207 --- [    Test worker] com.zaxxer.hikari.HikariDataSource       : HikariPool-2 - Starting...
2021-02-19 01:47:34.257  INFO 42207 --- [    Test worker] com.zaxxer.hikari.HikariDataSource       : HikariPool-2 - Start completed.
2021-02-19 01:47:34.275  WARN 42207 --- [    Test worker] o.s.b.a.batch.JpaBatchConfigurer         : JPA does not support custom isolation levels, so locks may not be taken when launching Jobs
2021-02-19 01:47:34.280  INFO 42207 --- [    Test worker] o.s.b.c.r.s.JobRepositoryFactoryBean     : No database type set, using meta data indicating: MYSQL
2021-02-19 01:47:34.297  INFO 42207 --- [    Test worker] o.s.b.c.l.support.SimpleJobLauncher      : No TaskExecutor has been set, defaulting to synchronous executor.
2021-02-19 01:47:34.396  INFO 42207 --- [    Test worker] com.hubtwork.batch.BatchApplicationTest  : Started BatchApplicationTest in 4.11 seconds (JVM running for 5.061)
2021-02-19 01:47:34.398  INFO 42207 --- [    Test worker] o.s.b.a.b.JobLauncherApplicationRunner   : Running default command line with: []
2021-02-19 01:47:34.546  INFO 42207 --- [    Test worker] o.s.b.c.l.support.SimpleJobLauncher      : Job: [SimpleJob: [name=loadMatches]] launched with the following parameters: [{}]
2021-02-19 01:47:34.678  INFO 42207 --- [    Test worker] o.s.batch.core.job.SimpleStepHandler     : Executing step: [Step_MatchesFromAPI]
2021-02-19 01:47:34.890  INFO 42207 --- [    Test worker] o.s.batch.core.step.AbstractStep         : Step: [Step_MatchesFromAPI] executed in 212ms
2021-02-19 01:47:35.010  INFO 42207 --- [    Test worker] o.s.batch.core.job.SimpleStepHandler     : Executing step: [Step_CheckSummonersAlreadyScanned]
2021-02-19 01:47:35.111  INFO 42207 --- [    Test worker] o.s.batch.core.step.AbstractStep         : Step: [Step_CheckSummonersAlreadyScanned] executed in 100ms
2021-02-19 01:47:35.225  INFO 42207 --- [    Test worker] o.s.batch.core.job.SimpleStepHandler     : Executing step: [Step_GetMatchDetailFromAPI]
2021-02-19 01:47:35.330  INFO 42207 --- [    Test worker] o.s.batch.core.step.AbstractStep         : Step: [Step_GetMatchDetailFromAPI] executed in 104ms
2021-02-19 01:47:35.449  INFO 42207 --- [    Test worker] o.s.batch.core.job.SimpleStepHandler     : Executing step: [Step_ExtractMatchData]
2021-02-19 01:47:35.552  INFO 42207 --- [    Test worker] o.s.batch.core.step.AbstractStep         : Step: [Step_ExtractMatchData] executed in 102ms
2021-02-19 01:47:35.663  INFO 42207 --- [    Test worker] o.s.batch.core.job.SimpleStepHandler     : Executing step: [Step_ExtractUserWithMatches]
2021-02-19 01:47:35.760  INFO 42207 --- [    Test worker] o.s.batch.core.step.AbstractStep         : Step: [Step_ExtractUserWithMatches] executed in 97ms
2021-02-19 01:47:35.880  INFO 42207 --- [    Test worker] o.s.batch.core.job.SimpleStepHandler     : Executing step: [Step_ExtractSummonerFromMatch]
2021-02-19 01:47:35.984  INFO 42207 --- [    Test worker] o.s.batch.core.step.AbstractStep         : Step: [Step_ExtractSummonerFromMatch] executed in 103ms
2021-02-19 01:47:36.096  INFO 42207 --- [    Test worker] o.s.batch.core.job.SimpleStepHandler     : Executing step: [Step_CheckMatchesAlreadyScanned]
2021-02-19 01:47:36.200  INFO 42207 --- [    Test worker] o.s.batch.core.step.AbstractStep         : Step: [Step_CheckMatchesAlreadyScanned] executed in 104ms
2021-02-19 01:47:36.263  INFO 42207 --- [    Test worker] o.s.b.c.l.support.SimpleJobLauncher      : Job: [SimpleJob: [name=loadMatches]] completed with the following parameters: [{}] and the following status: [COMPLETED] in 1s667ms
]]></system-out>
  <system-err><![CDATA[]]></system-err>
</testsuite>
